{
  "0 debug pnpm:scope": {
    "selected": 1
  },
  "1 error pnpm": {
    "errno": 1,
    "code": "ELIFECYCLE",
    "pkgid": "esi-ql@1.0.0",
    "stage": "test",
    "script": "echo \"Error: no test specified\" && exit 1",
    "pkgname": "esi-ql",
    "err": {
      "name": "pnpm",
      "message": "esi-ql@1.0.0 test: `echo \"Error: no test specified\" && exit 1`\nExit status 1",
      "code": "ELIFECYCLE",
      "stack": "pnpm: esi-ql@1.0.0 test: `echo \"Error: no test specified\" && exit 1`\nExit status 1\n    at EventEmitter.<anonymous> (/Users/jonnaske/pnpm-global/5/node_modules/.pnpm/pnpm@6.28.0/node_modules/pnpm/dist/pnpm.cjs:105434:20)\n    at EventEmitter.emit (events.js:315:20)\n    at ChildProcess.<anonymous> (/Users/jonnaske/pnpm-global/5/node_modules/.pnpm/pnpm@6.28.0/node_modules/pnpm/dist/pnpm.cjs:91983:18)\n    at ChildProcess.emit (events.js:315:20)\n    at maybeClose (internal/child_process.js:1048:16)\n    at Process.ChildProcess._handle.onexit (internal/child_process.js:288:5)"
    }
  },
  "2 warn pnpm:global": " Local package.json exists, but node_modules missing, did you mean to install?"
}